app/build/outputs/logs/manifest-merger-debug-report.txt
-- Merging decision tree log ---
manifest
ADDED from kuaidi\app\AndroidManifest.xml:2:1-96:12
	package
		ADDED from kuaidi\app\AndroidManifest.xml:7:5-43
	xmlns:Android
		ADDED from kuaidi\app\AndroidManifest.xml:2:11-66
	xmlns:tools
		ADDED from kuaidi\app\AndroidManifest.xml:4:11-57
	xmlns:android
		ADDED from kuaidi\app\AndroidManifest.xml:5:5-63
uses-sdk
ADDED from kuaidi\app\AndroidManifest.xml:25:5-27:41
MERGED from [kuaidi:swipelistview:unspecified] AndroidManifest.xml:24:5-26:41
MERGED from [kuaidi:appcompat:unspecified] AndroidManifest.xml:20:5-43
	android:targetSdkVersion
		ADDED from kuaidi\app\AndroidManifest.xml:27:9-38
	android:minSdkVersion
		ADDED from kuaidi\app\AndroidManifest.xml:26:9-35
application
ADDED from kuaidi\app\AndroidManifest.xml:29:5-88:19
MERGED from [kuaidi:appcompat:unspecified] AndroidManifest.xml:22:5-20
	android:label
		ADDED from kuaidi\app\AndroidManifest.xml:33:9-41
	android:supportsRtl
		ADDED from kuaidi\app\AndroidManifest.xml:34:9-35
	android:allowBackup
		ADDED from kuaidi\app\AndroidManifest.xml:31:9-35
	android:icon
		ADDED from kuaidi\app\AndroidManifest.xml:32:9-43
	android:theme
		ADDED from kuaidi\app\AndroidManifest.xml:35:9-40
	tools:replace
		ADDED from kuaidi\app\AndroidManifest.xml:30:9-52
activity#com.hzgzsoft.logisticsmanage.EmbraceActivity
ADDED from kuaidi\app\AndroidManifest.xml:50:9-55:20
	android:screenOrientation
		ADDED from kuaidi\app\AndroidManifest.xml:53:13-49
	android:label
		ADDED from kuaidi\app\AndroidManifest.xml:52:13-45
	android:theme
		ADDED from kuaidi\app\AndroidManifest.xml:54:13-69
	android:name
		ADDED from kuaidi\app\AndroidManifest.xml:51:13-44
activity#com.hzgzsoft.logisticsmanage.AddnewAddressActivty
ADDED from kuaidi\app\AndroidManifest.xml:56:9-60:20
	android:label
		ADDED from kuaidi\app\AndroidManifest.xml:58:13-33
	android:windowSoftInputMode
		ADDED from kuaidi\app\AndroidManifest.xml:59:13-54
	android:name
		ADDED from kuaidi\app\AndroidManifest.xml:57:13-49
activity#com.hzgzsoft.logisticsmanage.SelectAddressActivity
ADDED from kuaidi\app\AndroidManifest.xml:61:9-64:20
	android:label
		ADDED from kuaidi\app\AndroidManifest.xml:63:13-33
	android:name
		ADDED from kuaidi\app\AndroidManifest.xml:62:13-50
activity#com.hzgzsoft.logisticsmanage.Edit_activity
ADDED from kuaidi\app\AndroidManifest.xml:65:9-68:20
	android:label
		ADDED from kuaidi\app\AndroidManifest.xml:67:13-33
	android:name
		ADDED from kuaidi\app\AndroidManifest.xml:66:13-42
activity#com.hzgzsoft.logisticsmanage.dingdan_activity
ADDED from kuaidi\app\AndroidManifest.xml:69:9-72:20
	android:label
		ADDED from kuaidi\app\AndroidManifest.xml:71:13-33
	android:name
		ADDED from kuaidi\app\AndroidManifest.xml:70:13-73
activity#com.hzgzsoft.logisticsmanage.address_activity
ADDED from kuaidi\app\AndroidManifest.xml:73:9-76:20
	android:theme
		ADDED from kuaidi\app\AndroidManifest.xml:75:13-72
	android:name
		ADDED from kuaidi\app\AndroidManifest.xml:74:13-73
activity#com.hzgzsoft.logisticsmanage.FirstActivity
ADDED from kuaidi\app\AndroidManifest.xml:79:9-85:20
	android:name
		ADDED from kuaidi\app\AndroidManifest.xml:79:19-76
intent-filter#android.intent.action.MAIN+android.intent.category.LAUNCHER
ADDED from kuaidi\app\AndroidManifest.xml:80:13-84:29
action#android.intent.action.MAIN
ADDED from kuaidi\app\AndroidManifest.xml:81:17-69
	android:name
		ADDED from kuaidi\app\AndroidManifest.xml:81:25-66
category#android.intent.category.LAUNCHER
ADDED from kuaidi\app\AndroidManifest.xml:83:17-77
	android:name
		ADDED from kuaidi\app\AndroidManifest.xml:83:27-74
uses-permission#android.permission.INTERNET
ADDED from kuaidi\app\AndroidManifest.xml:91:5-67
	android:name
		ADDED from kuaidi\app\AndroidManifest.xml:91:22-64
uses-permission#android.permission.ACCESS_FINE_LOCATION
ADDED from kuaidi\app\AndroidManifest.xml:92:5-79
	android:name
		ADDED from kuaidi\app\AndroidManifest.xml:92:22-76
uses-permission#android.permission.ACCESS_COARSE_LOCATION
ADDED from kuaidi\app\AndroidManifest.xml:94:5-81
	android:name
		ADDED from kuaidi\app\AndroidManifest.xml:94:22-78
android:uses-permission#android.permission.WRITE_EXTERNAL_STORAGE
IMPLIED from kuaidi\app\AndroidManifest.xml:2:1-96:12 reason: com.example.magicuhf has a targetSdkVersion < 4
android:uses-permission#android.permission.READ_PHONE_STATE
IMPLIED from kuaidi\app\AndroidManifest.xml:2:1-96:12 reason: com.example.magicuhf has a targetSdkVersion < 4
android:uses-permission#android.permission.READ_EXTERNAL_STORAGE
IMPLIED from kuaidi\app\AndroidManifest.xml:2:1-96:12 reason: com.example.magicuhf requested WRITE_EXTERNAL_STORAGE